This is pdfTeX, Version 3.141592653-2.6-1.40.28 (TeX Live 2025) (preloaded format=pdflatex 2026.2.24)  12 JUN 2026 23:20
entering extended mode
 restricted \write18 enabled.
 %&-line parsing enabled.
**glowny.tex
(./glowny.tex
LaTeX2e <2025-11-01>
L3 programming layer <2025-11-06>
(../thesis-latex-class/ociamthesis.cls

LaTeX Warning: You have requested document class `../thesis-latex-class/ociamthesis',
               but the document class provides `ociamthesis'.

Document Class: ociamthesis 2010/11/22 v2.2 OCIAM thesis class
(/usr/local/texlive/2025/texmf-dist/tex/latex/base/report.cls
Document Class: report 2025/01/22 v1.4n Standard LaTeX document class
(/usr/local/texlive/2025/texmf-dist/tex/latex/base/size12.clo
File: size12.clo 2025/01/22 v1.4n Standard LaTeX file (size option)
)
\c@part=\count275
\c@chapter=\count276
\c@section=\count277
\c@subsection=\count278
\c@subsubsection=\count279
\c@paragraph=\count280
\c@subparagraph=\count281
\c@figure=\count282
\c@table=\count283
\abovecaptionskip=\skip49
\belowcaptionskip=\skip50
\bibindent=\dimen148
) (/usr/local/texlive/2025/texmf-dist/tex/latex/graphics/graphicx.sty
Package: graphicx 2024/12/31 v1.2e Enhanced LaTeX Graphics (DPC,SPQR)
 (/usr/local/texlive/2025/texmf-dist/tex/latex/graphics/keyval.sty
Package: keyval 2022/05/29 v1.15 key=value parser (DPC)
\KV@toks@=\toks17
) (/usr/local/texlive/2025/texmf-dist/tex/latex/graphics/graphics.sty
Package: graphics 2024/08/06 v1.4g Standard LaTeX Graphics (DPC,SPQR)
 (/usr/local/texlive/2025/texmf-dist/tex/latex/graphics/trig.sty
Package: trig 2023/12/02 v1.11 sin cos tan (DPC)
) (/usr/local/texlive/2025/texmf-dist/tex/latex/graphics-cfg/graphics.cfg
File: graphics.cfg 2016/06/04 v1.11 sample graphics configuration
)
Package graphics Info: Driver file: pdftex.def on input line 106.
 (/usr/local/texlive/2025/texmf-dist/tex/latex/graphics-def/pdftex.def
File: pdftex.def 2025/09/29 v1.2d Graphics/color driver for pdftex
))
\Gin@req@height=\dimen149
\Gin@req@width=\dimen150
) (/usr/local/texlive/2025/texmf-dist/tex/latex/base/ifthen.sty
Package: ifthen 2024/03/16 v1.1e Standard LaTeX ifthen package (DPC)
)) (/usr/local/texlive/2025/texmf-dist/tex/latex/base/inputenc.sty
Package: inputenc 2024/02/08 v1.3d Input encoding file
\inpenc@prehook=\toks18
\inpenc@posthook=\toks19
) (/usr/local/texlive/2025/texmf-dist/tex/latex/base/fontenc.sty
Package: fontenc 2025/07/18 v2.1d Standard LaTeX package
) (/usr/local/texlive/2025/texmf-dist/tex/latex/polski/polski.sty
Package: polski 2021/08/25 v1.3.6 Polish language package

   Inputenc package detected. Catcodes not changed.
) (/usr/local/texlive/2025/texmf-dist/tex/generic/babel/babel.sty
Package: babel 2025/11/09 v25.15 The multilingual framework for LuaLaTeX, pdfLaTeX and XeLaTeX
\babel@savecnt=\count284
LaTeX Encoding Info:    Redeclaring text command \ij (encoding OT1) on input line 2050.
LaTeX Encoding Info:    Redeclaring text command \IJ (encoding OT1) on input line 2052.
LaTeX Encoding Info:    Redeclaring text command \ij (encoding T1) on input line 2054.
LaTeX Encoding Info:    Redeclaring text command \IJ (encoding T1) on input line 2055.
LaTeX Encoding Info:    Ignoring declaration for text command \ij (encoding ?) on input line 2056.
LaTeX Encoding Info:    Ignoring declaration for text command \IJ (encoding ?) on input line 2058.
LaTeX Encoding Info:    Ignoring declaration for text command \SS (encoding ?) on input line 2083.
\U@D=\dimen151
\l@unhyphenated=\language90
 (/usr/local/texlive/2025/texmf-dist/tex/generic/babel/txtbabel.def)
\bbl@readstream=\read2
\bbl@dirlevel=\count285
 (/usr/local/texlive/2025/texmf-dist/tex/generic/babel/locale/pl/babel-polish.tex)
Package babel Info: Importing font and identification data for polish
(babel)             from babel-pl.ini. Reported on input line 4298.
 (/usr/local/texlive/2025/texmf-dist/tex/generic/babel-polish/polish.ldf
Language: polish 2022/03/12 1.3 Babel support for Polish
Package babel Info: Making " an active character on input line 101.
)) (/usr/local/texlive/2025/texmf-dist/tex/latex/xcolor/xcolor.sty
Package: xcolor 2024/09/29 v3.02 LaTeX color extensions (UK)
 (/usr/local/texlive/2025/texmf-dist/tex/latex/graphics-cfg/color.cfg
File: color.cfg 2016/01/02 v1.6 sample color configuration
)
Package xcolor Info: Driver file: pdftex.def on input line 274.
 (/usr/local/texlive/2025/texmf-dist/tex/latex/graphics/mathcolor.ltx)
Package xcolor Info: Model `cmy' substituted by `cmy0' on input line 1349.
Package xcolor Info: Model `hsb' substituted by `rgb' on input line 1353.
Package xcolor Info: Model `RGB' extended on input line 1365.
Package xcolor Info: Model `HTML' substituted by `rgb' on input line 1367.
Package xcolor Info: Model `Hsb' substituted by `hsb' on input line 1368.
Package xcolor Info: Model `tHsb' substituted by `hsb' on input line 1369.
Package xcolor Info: Model `HSB' substituted by `hsb' on input line 1370.
Package xcolor Info: Model `Gray' substituted by `gray' on input line 1371.
Package xcolor Info: Model `wave' substituted by `hsb' on input line 1372.
) (/usr/local/texlive/2025/texmf-dist/tex/latex/colortbl/colortbl.sty
Package: colortbl 2024/10/29 v1.0k Color table columns (DPC)
 (/usr/local/texlive/2025/texmf-dist/tex/latex/tools/array.sty
Package: array 2025/09/25 v2.6n Tabular extension package (FMi)
\col@sep=\dimen152
\ar@mcellbox=\box53
\extrarowheight=\dimen153
\NC@list=\toks20
\extratabsurround=\skip51
\backup@length=\skip52
\ar@cellbox=\box54
)
\everycr=\toks21
\minrowclearance=\skip53
\rownum=\count286
) (/usr/local/texlive/2025/texmf-dist/tex/latex/hyperref/hyperref.sty
Package: hyperref 2025-07-12 v7.01o Hypertext links for LaTeX
 (/usr/local/texlive/2025/texmf-dist/tex/generic/iftex/iftex.sty
Package: iftex 2024/12/12 v1.0g TeX engine tests
) (/usr/local/texlive/2025/texmf-dist/tex/latex/kvsetkeys/kvsetkeys.sty
Package: kvsetkeys 2022-10-05 v1.19 Key value parser (HO)
) (/usr/local/texlive/2025/texmf-dist/tex/generic/kvdefinekeys/kvdefinekeys.sty
Package: kvdefinekeys 2019-12-19 v1.6 Define keys (HO)
) (/usr/local/texlive/2025/texmf-dist/tex/generic/pdfescape/pdfescape.sty
Package: pdfescape 2019/12/09 v1.15 Implements pdfTeX's escape features (HO)

(/usr/local/texlive/2025/texmf-dist/tex/generic/ltxcmds/ltxcmds.sty
Package: ltxcmds 2023-12-04 v1.26 LaTeX kernel commands for general use (HO)
) (/usr/local/texlive/2025/texmf-dist/tex/generic/pdftexcmds/pdftexcmds.sty
Package: pdftexcmds 2020-06-27 v0.33 Utility functions of pdfTeX for LuaTeX (HO)
 (/usr/local/texlive/2025/texmf-dist/tex/generic/infwarerr/infwarerr.sty
Package: infwarerr 2019/12/03 v1.5 Providing info/warning/error messages (HO)
)
Package pdftexcmds Info: \pdf@primitive is available.
Package pdftexcmds Info: \pdf@ifprimitive is available.
Package pdftexcmds Info: \pdfdraftmode found.
)) (/usr/local/texlive/2025/texmf-dist/tex/latex/hycolor/hycolor.sty
Package: hycolor 2020-01-27 v1.10 Color options for hyperref/bookmark (HO)
) (/usr/local/texlive/2025/texmf-dist/tex/latex/hyperref/nameref.sty
Package: nameref 2025-06-21 v2.57 Cross-referencing by name of section
 (/usr/local/texlive/2025/texmf-dist/tex/latex/refcount/refcount.sty
Package: refcount 2019/12/15 v3.6 Data extraction from label references (HO)
) (/usr/local/texlive/2025/texmf-dist/tex/generic/gettitlestring/gettitlestring.sty
Package: gettitlestring 2019/12/15 v1.6 Cleanup title references (HO)
 (/usr/local/texlive/2025/texmf-dist/tex/latex/kvoptions/kvoptions.sty
Package: kvoptions 2022-06-15 v3.15 Key value format for package options (HO)
))
\c@section@level=\count287
) (/usr/local/texlive/2025/texmf-dist/tex/latex/etoolbox/etoolbox.sty
Package: etoolbox 2025/10/02 v2.5m e-TeX tools for LaTeX (JAW)
\etb@tempcnta=\count288
) (/usr/local/texlive/2025/texmf-dist/tex/generic/stringenc/stringenc.sty
Package: stringenc 2019/11/29 v1.12 Convert strings between diff. encodings (HO)
)
\@linkdim=\dimen154
\Hy@linkcounter=\count289
\Hy@pagecounter=\count290
 (/usr/local/texlive/2025/texmf-dist/tex/latex/hyperref/pd1enc.def
File: pd1enc.def 2025-07-12 v7.01o Hyperref: PDFDocEncoding definition (HO)
Now handling font encoding PD1 ...
... no UTF-8 mapping file for font encoding PD1
) (/usr/local/texlive/2025/texmf-dist/tex/generic/intcalc/intcalc.sty
Package: intcalc 2019/12/15 v1.3 Expandable calculations with integers (HO)
)
\Hy@SavedSpaceFactor=\count291
 (/usr/local/texlive/2025/texmf-dist/tex/latex/hyperref/puenc.def
File: puenc.def 2025-07-12 v7.01o Hyperref: PDF Unicode definition (HO)
Now handling font encoding PU ...
... no UTF-8 mapping file for font encoding PU
)
Package hyperref Info: Option `colorlinks' set `true' on input line 4066.
Package hyperref Info: Option `plainpages' set `false' on input line 4066.
Package hyperref Info: Option `pdfpagelabels' set `true' on input line 4066.
Package hyperref Info: Option `naturalnames' set `true' on input line 4066.
Package hyperref Info: Hyper figures OFF on input line 4195.
Package hyperref Info: Link nesting OFF on input line 4200.
Package hyperref Info: Hyper index ON on input line 4203.
Package hyperref Info: Plain pages OFF on input line 4210.
Package hyperref Info: Backreferencing OFF on input line 4215.
Package hyperref Info: Implicit mode ON; LaTeX internals redefined.
Package hyperref Info: Bookmarks ON on input line 4462.
\c@Hy@tempcnt=\count292
 (/usr/local/texlive/2025/texmf-dist/tex/latex/url/url.sty
\Urlmuskip=\muskip17
Package: url 2013/09/16  ver 3.4  Verb mode for urls, etc.
)
LaTeX Info: Redefining \url on input line 4801.
\XeTeXLinkMargin=\dimen155

(/usr/local/texlive/2025/texmf-dist/tex/generic/bitset/bitset.sty
Package: bitset 2019/12/09 v1.3 Handle bit-vector datatype (HO)
 (/usr/local/texlive/2025/texmf-dist/tex/generic/bigintcalc/bigintcalc.sty
Package: bigintcalc 2019/12/15 v1.5 Expandable calculations on big integers (HO)
))
\Fld@menulength=\count293
\Field@Width=\dimen156
\Fld@charsize=\dimen157
Package hyperref Info: Hyper figures OFF on input line 6078.
Package hyperref Info: Link nesting OFF on input line 6083.
Package hyperref Info: Hyper index ON on input line 6086.
Package hyperref Info: backreferencing OFF on input line 6093.
Package hyperref Info: Link coloring ON on input line 6096.
Package hyperref Info: Link coloring with OCG OFF on input line 6103.
Package hyperref Info: PDF/A mode OFF on input line 6108.
\Hy@abspage=\count294
\c@Item=\count295
\c@Hfootnote=\count296
)
Package hyperref Info: Driver (autodetected): hpdftex.
 (/usr/local/texlive/2025/texmf-dist/tex/latex/hyperref/hpdftex.def
File: hpdftex.def 2025-07-12 v7.01o Hyperref driver for pdfTeX
\Fld@listcount=\count297
\c@bookmark@seq@number=\count298
 (/usr/local/texlive/2025/texmf-dist/tex/latex/rerunfilecheck/rerunfilecheck.sty
Package: rerunfilecheck 2025-06-21 v1.11 Rerun checks for auxiliary files (HO)
 (/usr/local/texlive/2025/texmf-dist/tex/generic/uniquecounter/uniquecounter.sty
Package: uniquecounter 2019/12/15 v1.4 Provide unlimited unique counter (HO)
)
Package uniquecounter Info: New unique counter `rerunfilecheck' on input line 284.
)
\Hy@SectionHShift=\skip54
) (/usr/local/texlive/2025/texmf-dist/tex/latex/caption/caption.sty
Package: caption 2023/08/05 v3.6o Customizing captions (AR)
 (/usr/local/texlive/2025/texmf-dist/tex/latex/caption/caption3.sty
Package: caption3 2023/07/31 v2.4d caption3 kernel (AR)
\caption@tempdima=\dimen158
\captionmargin=\dimen159
\caption@leftmargin=\dimen160
\caption@rightmargin=\dimen161
\caption@width=\dimen162
\caption@indent=\dimen163
\caption@parindent=\dimen164
\caption@hangindent=\dimen165
Package caption Info: Standard document class detected.
)
\c@caption@flags=\count299
\c@continuedfloat=\count300
Package caption Info: hyperref package is loaded.
) (/usr/local/texlive/2025/texmf-dist/tex/latex/listings/listings.sty
\lst@mode=\count301
\lst@gtempboxa=\box55
\lst@token=\toks22
\lst@length=\count302
\lst@currlwidth=\dimen166
\lst@column=\count303
\lst@pos=\count304
\lst@lostspace=\dimen167
\lst@width=\dimen168
\lst@newlines=\count305
\lst@lineno=\count306
\lst@maxwidth=\dimen169
 (/usr/local/texlive/2025/texmf-dist/tex/latex/listings/lstpatch.sty
File: lstpatch.sty 2025/11/14 1.11b (Carsten Heinz)
) (/usr/local/texlive/2025/texmf-dist/tex/latex/listings/lstmisc.sty
File: lstmisc.sty 2025/11/14 1.11b (Carsten Heinz)
\c@lstnumber=\count307
\lst@skipnumbers=\count308
\lst@framebox=\box56
) (/usr/local/texlive/2025/texmf-dist/tex/latex/listings/listings.cfg
File: listings.cfg 2025/11/14 1.11b listings configuration
))
Package: listings 2025/11/14 1.11b (Carsten Heinz)

==> First Aid for listings.sty no longer applied!
    Expected:
        2024/09/23 1.10c (Carsten Heinz)
    but found:
        2025/11/14 1.11b (Carsten Heinz)
    so I'm assuming it got fixed.
(/usr/local/texlive/2025/texmf-dist/tex/latex/multirow/multirow.sty
Package: multirow 2024/11/12 v2.9 Span multiple rows of a table
\multirow@colwidth=\skip55
\multirow@cntb=\count309
\multirow@dima=\skip56
\bigstrutjot=\dimen170
) (/usr/local/texlive/2025/texmf-dist/tex/latex/algorithm2e/algorithm2e.sty
Package: algorithm2e 2017/07/18 v5.2 algorithms environments
\c@AlgoLine=\count310
\algocf@hangindent=\skip57
 (/usr/local/texlive/2025/texmf-dist/tex/latex/ifoddpage/ifoddpage.sty
Package: ifoddpage 2022/10/18 v1.2 Conditionals for odd/even page detection
\c@checkoddpage=\count311
) (/usr/local/texlive/2025/texmf-dist/tex/latex/tools/xspace.sty
Package: xspace 2014/10/28 v1.13 Space after command names (DPC,MH)
) (/usr/local/texlive/2025/texmf-dist/tex/latex/relsize/relsize.sty
Package: relsize 2013/03/29 ver 4.1
)
\skiptotal=\skip58
\skiplinenumber=\skip59
\skiprule=\skip60
\skiphlne=\skip61
\skiptext=\skip62
\skiplength=\skip63
\algomargin=\skip64
\skipalgocfslide=\skip65
\algowidth=\dimen171
\inoutsize=\dimen172
\inoutindent=\dimen173
\interspacetitleruled=\dimen174
\interspacealgoruled=\dimen175
\interspacetitleboxruled=\dimen176
\algocf@ruledwidth=\skip66
\algocf@inoutbox=\box57
\algocf@inputbox=\box58
\AlCapSkip=\skip67
\AlCapHSkip=\skip68
\algoskipindent=\skip69
\algocf@nlbox=\box59
\algocf@hangingbox=\box60
\algocf@untilbox=\box61
\algocf@skipuntil=\skip70
\algocf@capbox=\box62
\algocf@lcaptionbox=\skip71
\algoheightruledefault=\skip72
\algoheightrule=\skip73
\algotitleheightruledefault=\skip74
\algotitleheightrule=\skip75
\c@algocfline=\count312
\c@algocfproc=\count313
\c@algocf=\count314
\algocf@algoframe=\box63
\algocf@algobox=\box64
) (/usr/local/texlive/2025/texmf-dist/tex/latex/pgf/frontendlayer/tikz.sty (/usr/local/texlive/2025/texmf-dist/tex/latex/pgf/basiclayer/pgf.sty (/usr/local/texlive/2025/texmf-dist/tex/latex/pgf/utilities/pgfrcs.sty (/usr/local/texlive/2025/texmf-dist/tex/generic/pgf/utilities/pgfutil-common.tex
\pgfutil@everybye=\toks23
\pgfutil@tempdima=\dimen177
\pgfutil@tempdimb=\dimen178
) (/usr/local/texlive/2025/texmf-dist/tex/generic/pgf/utilities/pgfutil-latex.def
\pgfutil@abb=\box65
) (/usr/local/texlive/2025/texmf-dist/tex/generic/pgf/utilities/pgfrcs.code.tex (/usr/local/texlive/2025/texmf-dist/tex/generic/pgf/pgf.revision.tex)
Package: pgfrcs 2025-08-29 v3.1.11a (3.1.11a)
))
Package: pgf 2025-08-29 v3.1.11a (3.1.11a)
 (/usr/local/texlive/2025/texmf-dist/tex/latex/pgf/basiclayer/pgfcore.sty
(/usr/local/texlive/2025/texmf-dist/tex/latex/pgf/systemlayer/pgfsys.sty (/usr/local/texlive/2025/texmf-dist/tex/generic/pgf/systemlayer/pgfsys.code.tex
Package: pgfsys 2025-08-29 v3.1.11a (3.1.11a)
 (/usr/local/texlive/2025/texmf-dist/tex/generic/pgf/utilities/pgfkeys.code.tex
\pgfkeys@pathtoks=\toks24
\pgfkeys@temptoks=\toks25
 (/usr/local/texlive/2025/texmf-dist/tex/generic/pgf/utilities/pgfkeyslibraryfiltered.code.tex
\pgfkeys@tmptoks=\toks26
))
\pgf@x=\dimen179
\pgf@y=\dimen180
\pgf@xa=\dimen181
\pgf@ya=\dimen182
\pgf@xb=\dimen183
\pgf@yb=\dimen184
\pgf@xc=\dimen185
\pgf@yc=\dimen186
\pgf@xd=\dimen187
\pgf@yd=\dimen188
\w@pgf@writea=\write3
\r@pgf@reada=\read3
\c@pgf@counta=\count315
\c@pgf@countb=\count316
\c@pgf@countc=\count317
\c@pgf@countd=\count318
\t@pgf@toka=\toks27
\t@pgf@tokb=\toks28
\t@pgf@tokc=\toks29
\pgf@sys@id@count=\count319
 (/usr/local/texlive/2025/texmf-dist/tex/generic/pgf/systemlayer/pgf.cfg
File: pgf.cfg 2025-08-29 v3.1.11a (3.1.11a)
)
Driver file for pgf: pgfsys-pdftex.def
 (/usr/local/texlive/2025/texmf-dist/tex/generic/pgf/systemlayer/pgfsys-pdftex.def
File: pgfsys-pdftex.def 2025-08-29 v3.1.11a (3.1.11a)
 (/usr/local/texlive/2025/texmf-dist/tex/generic/pgf/systemlayer/pgfsys-common-pdf.def
File: pgfsys-common-pdf.def 2025-08-29 v3.1.11a (3.1.11a)
))) (/usr/local/texlive/2025/texmf-dist/tex/generic/pgf/systemlayer/pgfsyssoftpath.code.tex
File: pgfsyssoftpath.code.tex 2025-08-29 v3.1.11a (3.1.11a)
\pgfsyssoftpath@smallbuffer@items=\count320
\pgfsyssoftpath@bigbuffer@items=\count321
) (/usr/local/texlive/2025/texmf-dist/tex/generic/pgf/systemlayer/pgfsysprotocol.code.tex
File: pgfsysprotocol.code.tex 2025-08-29 v3.1.11a (3.1.11a)
)) (/usr/local/texlive/2025/texmf-dist/tex/generic/pgf/basiclayer/pgfcore.code.tex
Package: pgfcore 2025-08-29 v3.1.11a (3.1.11a)
 (/usr/local/texlive/2025/texmf-dist/tex/generic/pgf/math/pgfmath.code.tex (/usr/local/texlive/2025/texmf-dist/tex/generic/pgf/math/pgfmathutil.code.tex)
(/usr/local/texlive/2025/texmf-dist/tex/generic/pgf/math/pgfmathparser.code.tex
\pgfmath@dimen=\dimen189
\pgfmath@count=\count322
\pgfmath@box=\box66
\pgfmath@toks=\toks30
\pgfmath@stack@operand=\toks31
\pgfmath@stack@operation=\toks32
) (/usr/local/texlive/2025/texmf-dist/tex/generic/pgf/math/pgfmathfunctions.code.tex) (/usr/local/texlive/2025/texmf-dist/tex/generic/pgf/math/pgfmathfunctions.basic.code.tex) (/usr/local/texlive/2025/texmf-dist/tex/generic/pgf/math/pgfmathfunctions.trigonometric.code.tex) (/usr/local/texlive/2025/texmf-dist/tex/generic/pgf/math/pgfmathfunctions.random.code.tex) (/usr/local/texlive/2025/texmf-dist/tex/generic/pgf/math/pgfmathfunctions.comparison.code.tex) (/usr/local/texlive/2025/texmf-dist/tex/generic/pgf/math/pgfmathfunctions.base.code.tex) (/usr/local/texlive/2025/texmf-dist/tex/generic/pgf/math/pgfmathfunctions.round.code.tex) (/usr/local/texlive/2025/texmf-dist/tex/generic/pgf/math/pgfmathfunctions.misc.code.tex) (/usr/local/texlive/2025/texmf-dist/tex/generic/pgf/math/pgfmathfunctions.integerarithmetics.code.tex) (/usr/local/texlive/2025/texmf-dist/tex/generic/pgf/math/pgfmathcalc.code.tex)
(/usr/local/texlive/2025/texmf-dist/tex/generic/pgf/math/pgfmathfloat.code.tex
\c@pgfmathroundto@lastzeros=\count323
)) (/usr/local/texlive/2025/texmf-dist/tex/generic/pgf/math/pgfint.code.tex) (/usr/local/texlive/2025/texmf-dist/tex/generic/pgf/basiclayer/pgfcorepoints.code.tex
File: pgfcorepoints.code.tex 2025-08-29 v3.1.11a (3.1.11a)
\pgf@picminx=\dimen190
\pgf@picmaxx=\dimen191
\pgf@picminy=\dimen192
\pgf@picmaxy=\dimen193
\pgf@pathminx=\dimen194
\pgf@pathmaxx=\dimen195
\pgf@pathminy=\dimen196
\pgf@pathmaxy=\dimen197
\pgf@xx=\dimen198
\pgf@xy=\dimen199
\pgf@yx=\dimen256
\pgf@yy=\dimen257
\pgf@zx=\dimen258
\pgf@zy=\dimen259
) (/usr/local/texlive/2025/texmf-dist/tex/generic/pgf/basiclayer/pgfcorepathconstruct.code.tex
File: pgfcorepathconstruct.code.tex 2025-08-29 v3.1.11a (3.1.11a)
\pgf@path@lastx=\dimen260
\pgf@path@lasty=\dimen261
) (/usr/local/texlive/2025/texmf-dist/tex/generic/pgf/basiclayer/pgfcorepathusage.code.tex
File: pgfcorepathusage.code.tex 2025-08-29 v3.1.11a (3.1.11a)
\pgf@shorten@end@additional=\dimen262
\pgf@shorten@start@additional=\dimen263
) (/usr/local/texlive/2025/texmf-dist/tex/generic/pgf/basiclayer/pgfcorescopes.code.tex
File: pgfcorescopes.code.tex 2025-08-29 v3.1.11a (3.1.11a)
\pgfpic=\box67
\pgf@hbox=\box68
\pgf@layerbox@main=\box69
\pgf@picture@serial@count=\count324
) (/usr/local/texlive/2025/texmf-dist/tex/generic/pgf/basiclayer/pgfcoregraphicstate.code.tex
File: pgfcoregraphicstate.code.tex 2025-08-29 v3.1.11a (3.1.11a)
\pgflinewidth=\dimen264
) (/usr/local/texlive/2025/texmf-dist/tex/generic/pgf/basiclayer/pgfcoretransformations.code.tex
File: pgfcoretransformations.code.tex 2025-08-29 v3.1.11a (3.1.11a)
\pgf@pt@x=\dimen265
\pgf@pt@y=\dimen266
\pgf@pt@temp=\dimen267
) (/usr/local/texlive/2025/texmf-dist/tex/generic/pgf/basiclayer/pgfcorequick.code.tex
File: pgfcorequick.code.tex 2025-08-29 v3.1.11a (3.1.11a)
) (/usr/local/texlive/2025/texmf-dist/tex/generic/pgf/basiclayer/pgfcoreobjects.code.tex
File: pgfcoreobjects.code.tex 2025-08-29 v3.1.11a (3.1.11a)
) (/usr/local/texlive/2025/texmf-dist/tex/generic/pgf/basiclayer/pgfcorepathprocessing.code.tex
File: pgfcorepathprocessing.code.tex 2025-08-29 v3.1.11a (3.1.11a)
)
(/usr/local/texlive/2025/texmf-dist/tex/generic/pgf/basiclayer/pgfcorearrows.code.tex
File: pgfcorearrows.code.tex 2025-08-29 v3.1.11a (3.1.11a)
\pgfarrowsep=\dimen268
) (/usr/local/texlive/2025/texmf-dist/tex/generic/pgf/basiclayer/pgfcoreshade.code.tex
File: pgfcoreshade.code.tex 2025-08-29 v3.1.11a (3.1.11a)
\pgf@max=\dimen269
\pgf@sys@shading@range@num=\count325
\pgf@shadingcount=\count326
) (/usr/local/texlive/2025/texmf-dist/tex/generic/pgf/basiclayer/pgfcoreimage.code.tex
File: pgfcoreimage.code.tex 2025-08-29 v3.1.11a (3.1.11a)
) (/usr/local/texlive/2025/texmf-dist/tex/generic/pgf/basiclayer/pgfcoreexternal.code.tex
File: pgfcoreexternal.code.tex 2025-08-29 v3.1.11a (3.1.11a)
\pgfexternal@startupbox=\box70
) (/usr/local/texlive/2025/texmf-dist/tex/generic/pgf/basiclayer/pgfcorelayers.code.tex
File: pgfcorelayers.code.tex 2025-08-29 v3.1.11a (3.1.11a)
) (/usr/local/texlive/2025/texmf-dist/tex/generic/pgf/basiclayer/pgfcoretransparency.code.tex
File: pgfcoretransparency.code.tex 2025-08-29 v3.1.11a (3.1.11a)
) (/usr/local/texlive/2025/texmf-dist/tex/generic/pgf/basiclayer/pgfcorepatterns.code.tex
File: pgfcorepatterns.code.tex 2025-08-29 v3.1.11a (3.1.11a)
) (/usr/local/texlive/2025/texmf-dist/tex/generic/pgf/basiclayer/pgfcorerdf.code.tex
File: pgfcorerdf.code.tex 2025-08-29 v3.1.11a (3.1.11a)
))) (/usr/local/texlive/2025/texmf-dist/tex/generic/pgf/modules/pgfmoduleshapes.code.tex
File: pgfmoduleshapes.code.tex 2025-08-29 v3.1.11a (3.1.11a)
\pgfnodeparttextbox=\box71
) (/usr/local/texlive/2025/texmf-dist/tex/generic/pgf/modules/pgfmoduleplot.code.tex
File: pgfmoduleplot.code.tex 2025-08-29 v3.1.11a (3.1.11a)
) (/usr/local/texlive/2025/texmf-dist/tex/latex/pgf/compatibility/pgfcomp-version-0-65.sty
Package: pgfcomp-version-0-65 2025-08-29 v3.1.11a (3.1.11a)
\pgf@nodesepstart=\dimen270
\pgf@nodesepend=\dimen271
)
(/usr/local/texlive/2025/texmf-dist/tex/latex/pgf/compatibility/pgfcomp-version-1-18.sty
Package: pgfcomp-version-1-18 2025-08-29 v3.1.11a (3.1.11a)
)) (/usr/local/texlive/2025/texmf-dist/tex/latex/pgf/utilities/pgffor.sty (/usr/local/texlive/2025/texmf-dist/tex/latex/pgf/utilities/pgfkeys.sty (/usr/local/texlive/2025/texmf-dist/tex/generic/pgf/utilities/pgfkeys.code.tex)) (/usr/local/texlive/2025/texmf-dist/tex/latex/pgf/math/pgfmath.sty (/usr/local/texlive/2025/texmf-dist/tex/generic/pgf/math/pgfmath.code.tex)) (/usr/local/texlive/2025/texmf-dist/tex/generic/pgf/utilities/pgffor.code.tex
Package: pgffor 2025-08-29 v3.1.11a (3.1.11a)
\pgffor@iter=\dimen272
\pgffor@skip=\dimen273
\pgffor@stack=\toks33
\pgffor@toks=\toks34
)) (/usr/local/texlive/2025/texmf-dist/tex/generic/pgf/frontendlayer/tikz/tikz.code.tex
Package: tikz 2025-08-29 v3.1.11a (3.1.11a)
 (/usr/local/texlive/2025/texmf-dist/tex/generic/pgf/libraries/pgflibraryplothandlers.code.tex
File: pgflibraryplothandlers.code.tex 2025-08-29 v3.1.11a (3.1.11a)
\pgf@plot@mark@count=\count327
\pgfplotmarksize=\dimen274
)
\tikz@lastx=\dimen275
\tikz@lasty=\dimen276
\tikz@lastxsaved=\dimen277
\tikz@lastysaved=\dimen278
\tikz@lastmovetox=\dimen279
\tikz@lastmovetoy=\dimen280
\tikzleveldistance=\dimen281
\tikzsiblingdistance=\dimen282
\tikz@figbox=\box72
\tikz@figbox@bg=\box73
\tikz@tempbox=\box74
\tikz@tempbox@bg=\box75
\tikztreelevel=\count328
\tikznumberofchildren=\count329
\tikznumberofcurrentchild=\count330
\tikz@fig@count=\count331
 (/usr/local/texlive/2025/texmf-dist/tex/generic/pgf/modules/pgfmodulematrix.code.tex
File: pgfmodulematrix.code.tex 2025-08-29 v3.1.11a (3.1.11a)
\pgfmatrixcurrentrow=\count332
\pgfmatrixcurrentcolumn=\count333
\pgf@matrix@numberofcolumns=\count334
)
\tikz@expandcount=\count335
 (/usr/local/texlive/2025/texmf-dist/tex/generic/pgf/frontendlayer/tikz/libraries/tikzlibrarytopaths.code.tex
File: tikzlibrarytopaths.code.tex 2025-08-29 v3.1.11a (3.1.11a)
)))
(/usr/local/texlive/2025/texmf-dist/tex/generic/pgf/libraries/pgflibraryarrows.meta.code.tex
File: pgflibraryarrows.meta.code.tex 2025-08-29 v3.1.11a (3.1.11a)
\pgfarrowinset=\dimen283
\pgfarrowlength=\dimen284
\pgfarrowwidth=\dimen285
\pgfarrowlinewidth=\dimen286
) (/usr/local/texlive/2025/texmf-dist/tex/latex/amsfonts/amssymb.sty
Package: amssymb 2013/01/14 v3.01 AMS font symbols
 (/usr/local/texlive/2025/texmf-dist/tex/latex/amsfonts/amsfonts.sty
Package: amsfonts 2013/01/14 v3.01 Basic AMSFonts support
\@emptytoks=\toks35
\symAMSa=\mathgroup4
\symAMSb=\mathgroup5
LaTeX Font Info:    Redeclaring math symbol \hbar on input line 98.
LaTeX Font Info:    Overwriting math alphabet `\mathfrak' in version `bold'
(Font)                  U/euf/m/n --> U/euf/b/n on input line 106.
)) (/usr/local/texlive/2025/texmf-dist/tex/latex/tools/indentfirst.sty
Package: indentfirst 2023/07/02 v1.03 Indent first paragraph (DPC)
) (/usr/local/texlive/2025/texmf-dist/tex/latex/psnfss/times.sty
Package: times 2020/03/25 PSNFSS-v9.3 (SPQR) 
) (/usr/local/texlive/2025/texmf-dist/tex/latex/setspace/setspace.sty
Package: setspace 2022/12/04 v6.7b set line spacing
) (/usr/local/texlive/2025/texmf-dist/tex/latex/mnsymbol/MnSymbol.sty
Package: MnSymbol 2007/01/21 v1.4 support for the MnSymbol font
 (/usr/local/texlive/2025/texmf-dist/tex/latex/amsmath/amsmath.sty
Package: amsmath 2025/07/09 v2.17z AMS math features
\@mathmargin=\skip76

For additional information on amsmath, use the `?' option.
(/usr/local/texlive/2025/texmf-dist/tex/latex/amsmath/amstext.sty
Package: amstext 2024/11/17 v2.01 AMS text
 (/usr/local/texlive/2025/texmf-dist/tex/latex/amsmath/amsgen.sty
File: amsgen.sty 1999/11/30 v2.0 generic functions
\@emptytoks=\toks36
\ex@=\dimen287
)) (/usr/local/texlive/2025/texmf-dist/tex/latex/amsmath/amsbsy.sty
Package: amsbsy 1999/11/29 v1.2d Bold Symbols
\pmbraise@=\dimen288
) (/usr/local/texlive/2025/texmf-dist/tex/latex/amsmath/amsopn.sty
Package: amsopn 2022/04/08 v2.04 operator names
)
\inf@bad=\count336
LaTeX Info: Redefining \frac on input line 233.
\uproot@=\count337
\leftroot@=\count338
LaTeX Info: Redefining \overline on input line 398.
LaTeX Info: Redefining \colon on input line 409.
\classnum@=\count339
\DOTSCASE@=\count340
LaTeX Info: Redefining \ldots on input line 495.
LaTeX Info: Redefining \dots on input line 498.
LaTeX Info: Redefining \cdots on input line 619.
\Mathstrutbox@=\box76
\strutbox@=\box77
LaTeX Info: Redefining \big on input line 721.
LaTeX Info: Redefining \Big on input line 722.
LaTeX Info: Redefining \bigg on input line 723.
LaTeX Info: Redefining \Bigg on input line 724.
\big@size=\dimen289
LaTeX Font Info:    Redeclaring font encoding OML on input line 742.
LaTeX Font Info:    Redeclaring font encoding OMS on input line 743.
\macc@depth=\count341
LaTeX Info: Redefining \bmod on input line 904.
LaTeX Info: Redefining \pmod on input line 909.
LaTeX Info: Redefining \smash on input line 939.
LaTeX Info: Redefining \relbar on input line 969.
LaTeX Info: Redefining \Relbar on input line 970.
\c@MaxMatrixCols=\count342
\dotsspace@=\muskip18
\c@parentequation=\count343
\dspbrk@lvl=\count344
\tag@help=\toks37
\row@=\count345
\column@=\count346
\maxfields@=\count347
\andhelp@=\toks38
\eqnshift@=\dimen290
\alignsep@=\dimen291
\tagshift@=\dimen292
\tagwidth@=\dimen293
\totwidth@=\dimen294
\lineht@=\dimen295
\@envbody=\toks39
\multlinegap=\skip77
\multlinetaggap=\skip78
\mathdisplay@stack=\toks40
LaTeX Info: Redefining \[ on input line 2950.
LaTeX Info: Redefining \] on input line 2951.
) (/usr/local/texlive/2025/texmf-dist/tex/latex/base/textcomp.sty
Package: textcomp 2024/04/24 v2.1b Standard LaTeX package
)
LaTeX Info: Redefining \dagger on input line 84.
LaTeX Info: Redefining \ddagger on input line 84.
LaTeX Info: Redefining \mathparagraph on input line 84.
LaTeX Info: Redefining \mathsection on input line 84.
LaTeX Info: Redefining \mathdollar on input line 84.
LaTeX Info: Redefining \mathsterling on input line 84.
LaTeX Info: Redefining \yen on input line 84.
LaTeX Info: Redefining \circledR on input line 84.
LaTeX Info: Redefining \circledS on input line 84.
LaTeX Info: Redefining \Re on input line 84.
LaTeX Info: Redefining \Im on input line 84.
LaTeX Info: Redefining \dotplus on input line 84.
LaTeX Info: Redefining \thicksim on input line 84.
LaTeX Info: Redefining \thickapprox on input line 84.
LaTeX Info: Redefining \veebar on input line 84.
LaTeX Info: Redefining \barwedge on input line 84.
LaTeX Info: Redefining \doublebarwedge on input line 84.
LaTeX Info: Redefining \centerdot on input line 84.
LaTeX Info: Redefining \divideontimes on input line 84.
\symMnSyA=\mathgroup6
\symMnSyB=\mathgroup7
\symMnSyC=\mathgroup8
\symMnSyD=\mathgroup9
LaTeX Font Info:    Redeclaring symbol font `largesymbols' on input line 119.
LaTeX Font Info:    Overwriting symbol font `largesymbols' in version `normal'
(Font)                  OMX/cmex/m/n --> OMX/MnSymbolE/m/n on input line 119.
LaTeX Font Info:    Overwriting symbol font `largesymbols' in version `bold'
(Font)                  OMX/cmex/m/n --> OMX/MnSymbolE/m/n on input line 119.
LaTeX Font Info:    Redeclaring symbol font `symbols' on input line 120.
LaTeX Font Info:    Encoding `OMS' has changed to `U' for symbol font
(Font)              `symbols' in the math version `normal' on input line 120.
LaTeX Font Info:    Overwriting symbol font `symbols' in version `normal'
(Font)                  OMS/cmsy/m/n --> U/MnSymbolF/m/n on input line 120.
LaTeX Font Info:    Encoding `OMS' has changed to `U' for symbol font
(Font)              `symbols' in the math version `bold' on input line 120.
LaTeX Font Info:    Overwriting symbol font `symbols' in version `bold'
(Font)                  OMS/cmsy/b/n --> U/MnSymbolF/m/n on input line 120.
LaTeX Font Info:    Overwriting symbol font `MnSyA' in version `bold'
(Font)                  U/MnSymbolA/m/n --> U/MnSymbolA/b/n on input line 121.
LaTeX Font Info:    Overwriting symbol font `MnSyB' in version `bold'
(Font)                  U/MnSymbolB/m/n --> U/MnSymbolB/b/n on input line 122.
LaTeX Font Info:    Overwriting symbol font `MnSyC' in version `bold'
(Font)                  U/MnSymbolC/m/n --> U/MnSymbolC/b/n on input line 123.
LaTeX Font Info:    Overwriting symbol font `MnSyD' in version `bold'
(Font)                  U/MnSymbolD/m/n --> U/MnSymbolD/b/n on input line 124.
LaTeX Font Info:    Overwriting symbol font `largesymbols' in version `bold'
(Font)                  OMX/MnSymbolE/m/n --> OMX/MnSymbolE/b/n on input line 125.
LaTeX Font Info:    Overwriting symbol font `symbols' in version `bold'
(Font)                  U/MnSymbolF/m/n --> U/MnSymbolF/b/n on input line 126.
LaTeX Font Info:    Redeclaring math alphabet \mathcal on input line 241.
LaTeX Font Info:    Overwriting math alphabet `\mathcal' in version `bold'
(Font)                  OMS/MnSymbolS/m/n --> OMS/MnSymbolS/b/n on input line 241.
LaTeX Info: Redefining \longrightarrow on input line 548.
LaTeX Info: Redefining \longleftarrow on input line 549.
LaTeX Info: Redefining \longleftrightarrow on input line 550.
LaTeX Info: Redefining \Longrightarrow on input line 551.
LaTeX Info: Redefining \Longleftarrow on input line 552.
LaTeX Info: Redefining \Longleftrightarrow on input line 553.
LaTeX Info: Redefining \longmapsto on input line 554.
LaTeX Info: Redefining \vdots on input line 868.
LaTeX Font Info:    Redeclaring math symbol \braceld on input line 1721.
LaTeX Font Info:    Redeclaring math symbol \bracelu on input line 1722.
LaTeX Font Info:    Redeclaring math symbol \bracerd on input line 1723.
LaTeX Font Info:    Redeclaring math symbol \braceru on input line 1724.
LaTeX Info: Redefining \downbracefill on input line 1799.
LaTeX Info: Redefining \upbracefill on input line 1800.
LaTeX Info: Redefining \overbrace on input line 1819.
LaTeX Info: Redefining \underbrace on input line 1820.
LaTeX Info: Redefining \surd on input line 1843.
LaTeX Font Info:    Redeclaring math accent \widehat on input line 1845.
LaTeX Font Info:    Redeclaring math accent \widetilde on input line 1846.
LaTeX Font Info:    Redeclaring math accent \vec on input line 1848.
) (/usr/local/texlive/2025/texmf-dist/tex/latex/xurl/xurl.sty
Package: xurl 2022/01/09 v 0.10 modify URL breaks
) (/usr/local/texlive/2025/texmf-dist/tex/latex/epigraph/epigraph.sty
Package: epigraph 2020/01/02 v1.5e typesetting epigraphs
 (/usr/local/texlive/2025/texmf-dist/tex/latex/nextpage/nextpage.sty
Package: nextpage 2009/09/03 v1.1a additional page commands
)
\beforeepigraphskip=\skip79
\afterepigraphskip=\skip80
\epigraphwidth=\skip81
\epigraphrule=\skip82
) (/usr/local/texlive/2025/texmf-dist/tex/latex/makecell/makecell.sty
Package: makecell 2009/08/03 V0.1e Managing of Tab Column Heads and Cells
\rotheadsize=\dimen296
\c@nlinenum=\count348
\TeXr@lab=\toks41
)
LaTeX Font Info:    Trying to load font information for T1+ptm on input line 111.
 (/usr/local/texlive/2025/texmf-dist/tex/latex/psnfss/t1ptm.fd
File: t1ptm.fd 2001/06/04 font definitions for T1/ptm.
) (/usr/local/texlive/2025/texmf-dist/tex/latex/l3backend/l3backend-pdftex.def
File: l3backend-pdftex.def 2025-10-09 L3 backend support: PDF output (pdfTeX)
\l__color_backend_stack_int=\count349
) (./glowny.aux
Package babel Info: 'polish' activates 'polish' shorthands.
(babel)             Reported on input line 9.
)
\openout1 = `glowny.aux'.

LaTeX Font Info:    Checking defaults for OML/cmm/m/it on input line 111.
LaTeX Font Info:    ... okay on input line 111.
LaTeX Font Info:    Checking defaults for OMS/cmsy/m/n on input line 111.
LaTeX Font Info:    ... okay on input line 111.
LaTeX Font Info:    Checking defaults for OT1/cmr/m/n on input line 111.
LaTeX Font Info:    ... okay on input line 111.
LaTeX Font Info:    Checking defaults for T1/cmr/m/n on input line 111.
LaTeX Font Info:    ... okay on input line 111.
LaTeX Font Info:    Checking defaults for TS1/cmr/m/n on input line 111.
LaTeX Font Info:    ... okay on input line 111.
LaTeX Font Info:    Checking defaults for OMX/cmex/m/n on input line 111.
LaTeX Font Info:    ... okay on input line 111.
LaTeX Font Info:    Checking defaults for U/cmr/m/n on input line 111.
LaTeX Font Info:    ... okay on input line 111.
LaTeX Font Info:    Checking defaults for PD1/pdf/m/n on input line 111.
LaTeX Font Info:    ... okay on input line 111.
LaTeX Font Info:    Checking defaults for PU/pdf/m/n on input line 111.
LaTeX Font Info:    ... okay on input line 111.
 (/usr/local/texlive/2025/texmf-dist/tex/context/base/mkii/supp-pdf.mkii
[Loading MPS to PDF converter (version 2006.09.02).]
\scratchcounter=\count350
\scratchdimen=\dimen297
\scratchbox=\box78
\nofMPsegments=\count351
\nofMParguments=\count352
\everyMPshowfont=\toks42
\MPscratchCnt=\count353
\MPscratchDim=\dimen298
\MPnumerator=\count354
\makeMPintoPDFobject=\count355
\everyMPtoPDFconversion=\toks43
) (/usr/local/texlive/2025/texmf-dist/tex/latex/epstopdf-pkg/epstopdf-base.sty
Package: epstopdf-base 2020-01-24 v2.11 Base part for package epstopdf
Package epstopdf-base Info: Redefining graphics rule for `.eps' on input line 485.
 (/usr/local/texlive/2025/texmf-dist/tex/latex/latexconfig/epstopdf-sys.cfg
File: epstopdf-sys.cfg 2010/07/13 v1.3 Configuration of (r)epstopdf for TeX Live
))
Package hyperref Info: Link coloring ON on input line 111.
 (./glowny.out) (./glowny.out)
\@outlinefile=\write4
\openout4 = `glowny.out'.

Package caption Info: Begin \AtBeginDocument code.
Package caption Info: listings package is loaded.
Package caption Info: End \AtBeginDocument code.
\c@lstlisting=\count356
<grafika/logopjatk.jpg, id=227, 417.7206pt x 62.1522pt>
File: grafika/logopjatk.jpg Graphic file (type jpg)
<use grafika/logopjatk.jpg>
Package pdftex.def Info: grafika/logopjatk.jpg  used on input line 118.
(pdftex.def)             Requested size: 128.0374pt x 19.04979pt.
 [1


{/usr/local/texlive/2025/texmf-var/fonts/map/pdftex/updmap/pdftex.map}{/usr/local/texlive/2025/texmf-dist/fonts/enc/dvips/base/8r.enc} <./grafika/logopjatk.jpg>] (./abstract.tex) [2

] (./glowny.toc
LaTeX Font Info:    Trying to load font information for U+msa on input line 3.
 (/usr/local/texlive/2025/texmf-dist/tex/latex/amsfonts/umsa.fd
File: umsa.fd 2013/01/14 v3.01 AMS symbols A
)
LaTeX Font Info:    Trying to load font information for U+msb on input line 3.
 (/usr/local/texlive/2025/texmf-dist/tex/latex/amsfonts/umsb.fd
File: umsb.fd 2013/01/14 v3.01 AMS symbols B
) [1


])
\tf@toc=\write5
\openout5 = `glowny.toc'.

 [2] (./rozdzial1.tex
Rozdzia\l  1.
[1


] [2]
Underfull \hbox (badness 1558) in paragraph at lines 17--18
[]\T1/ptm/m/n/12 Aby zre-ali-zo-wa˘ po-wy»-sze cele, sfor-mu-Şo-wano na-st¦-pu-jˇce klu-czowe py-ta-nia
 []

[3] [4]
Underfull \hbox (badness 1661) in paragraph at lines 47--48
\T1/ptm/m/n/12 wa-dza˘ czy-tel-nika w te-mat i na-st¦p-nie przej±˘ do szcze-gó-Şów im-ple-men-ta-cyj-nych
 []


Underfull \hbox (badness 1552) in paragraph at lines 47--48
\T1/ptm/m/n/12 roz-wiˇ-za-nia. Roz-dziaŞ 2 przed-sta-wia prze-glˇd li-te-ra-tury oraz teo-re-tyczne pod-stawy
 []

[5]) (./rozdzial2.tex [6]
Rozdzia\l  2.

Underfull \hbox (badness 2088) in paragraph at lines 8--9
[]\T1/ptm/m/n/12 W ostat-nich la-tach, dzi¦ki upo-wszech-nie-niu ste-ry-li-za-cji, licz-nym kam-pa-niom
 []

[7

]
Underfull \hbox (badness 1681) in paragraph at lines 12--13
\T1/ptm/m/n/12 no-kill zna-czˇco wzrósŞ [[]]. Na-le»y jed-nak pod-kre-±li˘, »e sta-tus ten nie ozna-cza
 []

[8]) (./rozdzial3.tex [9]
Rozdzia\l  3.

Underfull \hbox (badness 1762) in paragraph at lines 13--14
\T1/ptm/m/n/12 obej-muje wy-Şˇcz-nie re-la-cje sta-ty-styczne mi¦-dzy atry-bu-tami zwie-rz¦-cia zna-nymi w
 []

LaTeX Font Info:    Trying to load font information for T1+pcr on input line 30.
(/usr/local/texlive/2025/texmf-dist/tex/latex/psnfss/t1pcr.fd
File: t1pcr.fd 2001/06/04 font definitions for T1/pcr.
)
Underfull \hbox (badness 10000) in paragraph at lines 30--30
[]|\T1/pcr/m/n/10.95 animal_id\T1/ptm/m/n/10.95 , \T1/pcr/m/n/10.95 animal_type\T1/ptm/m/n/10.95 ,
 []


Underfull \hbox (badness 10000) in paragraph at lines 30--30
\T1/pcr/m/n/10.95 intake_datetime\T1/ptm/m/n/10.95 , \T1/pcr/m/n/10.95 intake_type\T1/ptm/m/n/10.95 ,
 []


Underfull \hbox (badness 10000) in paragraph at lines 30--30
\T1/pcr/m/n/10.95 intake_condition\T1/ptm/m/n/10.95 , \T1/pcr/m/n/10.95 sex_upon_intake\T1/ptm/m/n/10.95 ,
 []


Underfull \hbox (badness 4084) in paragraph at lines 30--31
[]|\T1/ptm/m/n/10.95 ™ródŞo atry-bu-tów
 []


Underfull \hbox (badness 10000) in paragraph at lines 32--32
[]|\T1/pcr/m/n/10.95 animal_id\T1/ptm/m/n/10.95 , \T1/pcr/m/n/10.95 animal_type\T1/ptm/m/n/10.95 ,
 []


Underfull \hbox (badness 10000) in paragraph at lines 32--32
\T1/pcr/m/n/10.95 outcome_datetime\T1/ptm/m/n/10.95 , \T1/pcr/m/n/10.95 outcome_type\T1/ptm/m/n/10.95 ,
 []


Underfull \hbox (badness 10000) in paragraph at lines 32--33
[]|\T1/ptm/m/n/10.95 ™ródŞo zmien-nej
 []

[10

]
Underfull \hbox (badness 10000) in paragraph at lines 37--38
[]\T1/ptm/m/n/12 Metadane ge-ne-ro-wane na ko«cu po-bytu, ta-kie jak \T1/pcr/m/n/12 outcome_type \T1/ptm/m/n/12 i
 []

[11]
Underfull \hbox (badness 1817) in paragraph at lines 83--84
[]\T1/ptm/m/n/12 Zdefiniowano dwie gŞówne zmienne do-ce-lowe prze-zna-czone do póą-niej-szego
 []


Underfull \hbox (badness 10000) in paragraph at lines 97--98
[]|\T1/ptm/m/n/8 CaŞkowita dŞu-go±˘ po-bytu
 []


Underfull \hbox (badness 10000) in paragraph at lines 99--99
[]|\T1/ptm/m/n/8 Warto±˘
 []


Underfull \hbox (badness 10000) in paragraph at lines 99--99
\T1/pcr/m/n/8 regression_target_days \T1/ptm/m/n/8 dla
 []


Underfull \hbox (badness 10000) in paragraph at lines 121--122
[]|\T1/pcr/m/n/10.95 animal_type\T1/ptm/m/n/10.95 , \T1/pcr/m/n/10.95 sex_upon_intake\T1/ptm/m/n/10.95 ,
 []


Underfull \hbox (badness 10000) in paragraph at lines 123--124
[]|\T1/pcr/m/n/10.95 age_days\T1/ptm/m/n/10.95 , \T1/pcr/m/n/10.95 age_years\T1/ptm/m/n/10.95 , \T1/pcr/m/n/10.95 age_group \T1/ptm/m/n/10.95 (np. \T1/pcr/m/n/10.95 baby\T1/ptm/m/n/10.95 ,
 []


Underfull \hbox (badness 10000) in paragraph at lines 125--126
[]|\T1/pcr/m/n/10.95 breed\T1/ptm/m/n/10.95 , \T1/pcr/m/n/10.95 primary_breed\T1/ptm/m/n/10.95 ,
 []


Underfull \hbox (badness 10000) in paragraph at lines 127--128
[]|\T1/pcr/m/n/10.95 color\T1/ptm/m/n/10.95 , \T1/pcr/m/n/10.95 primary_color\T1/ptm/m/n/10.95 ,
 []

[12{/usr/local/texlive/2025/texmf-dist/fonts/enc/dvips/mnsymbol/MnSymbolE.enc}{/usr/local/texlive/2025/texmf-dist/fonts/enc/dvips/mnsymbol/MnSymbolC.enc}]
LaTeX Font Info:    Trying to load font information for TS1+ptm on input line 146.
 (/usr/local/texlive/2025/texmf-dist/tex/latex/psnfss/ts1ptm.fd
File: ts1ptm.fd 2001/06/04 font definitions for TS1/ptm.
) [13] [14]) (./rozdzial4.tex [15]
Rozdzia\l  4.

Underfull \hbox (badness 10000) in paragraph at lines 26--27
[]|\T1/ptm/m/n/10.95 Deterministyczna ini-cja-li-za-cja al-go-ryt-mów
 []


Underfull \hbox (badness 1616) in paragraph at lines 34--35
\T1/ptm/m/n/12 pod-sta-wie in-for-ma-cji do-st¦p-nych w mo-men-cie przy-j¦-cia zwie-rz¦-cia do schro-ni-ska.
 []


Underfull \hbox (badness 3525) in paragraph at lines 34--35
\T1/ptm/m/n/12 Ana-liza kon-cen-truje si¦ na mocy pre-dyk-cyj-nej mo-deli, a nie na wnio-sko-wa-niu
 []

[16

]
Underfull \hbox (badness 2150) in paragraph at lines 55--56
[]\T1/ptm/m/n/12 Dane majˇ cha-rak-ter cza-sowy, dla-tego zre-zy-gno-wano z kla-sycz-nej wa-li-da-cji
 []

[17{/usr/local/texlive/2025/texmf-dist/fonts/enc/dvips/mnsymbol/MnSymbolD.enc}]
Underfull \hbox (badness 1509) in paragraph at lines 84--85
[]\T1/ptm/b/n/12 CatBoost: \T1/ptm/m/n/12 ar-chi-tek-tura z ro-dziny wzmac-nia-nia gra-dien-to-wego (ang. \T1/ptm/m/it/12 Gra-dient
 []

[18]
Underfull \hbox (badness 2970) in paragraph at lines 91--92
\T1/ptm/m/n/12 za-pa-mi¦-ty-wa-nie szumu z da-nych tre-nin-go-wych, oraz ni-ski wspóŞ-czyn-nik ucze-nia
 []

[19]
Underfull \hbox (badness 1803) in paragraph at lines 104--105
\T1/ptm/m/n/12 wzgl¦-dem rze-czy-wi-stego wy-niku. Jest to wa»ne z punktu wi-dze-nia bu-dowy
 []

[20]
Underfull \hbox (badness 1796) in paragraph at lines 125--126
\T1/ptm/m/n/12 wy-bra-nych grup zmien-nych oraz spraw-dze-nie ogól-nego spadku cel-no-±ci bez
 []

) (./rozdzial5.tex [21] [22]
Rozdzia\l  5.
[23

]
<../reports/figures/model_comparison_classification_roc_auc.png, id=467, 722.7pt x 397.485pt>
File: ../reports/figures/model_comparison_classification_roc_auc.png Graphic file (type png)
<use ../reports/figures/model_comparison_classification_roc_auc.png>
Package pdftex.def Info: ../reports/figures/model_comparison_classification_roc_auc.png  used on input line 80.
(pdftex.def)             Requested size: 398.9296pt x 219.41196pt.
 [24]

LaTeX Warning: Citation `Prokhorenkova2018' on page 25 undefined on input line 111.


LaTeX Warning: Citation `Grinsztajn2022' on page 25 undefined on input line 111.

<../reports/figures/diagnostic_roc_curve.png, id=476, 578.16pt x 361.35pt>
File: ../reports/figures/diagnostic_roc_curve.png Graphic file (type png)
<use ../reports/figures/diagnostic_roc_curve.png>
Package pdftex.def Info: ../reports/figures/diagnostic_roc_curve.png  used on input line 113.
(pdftex.def)             Requested size: 398.9296pt x 249.33177pt.
[25 <../reports/figures/model_comparison_classification_roc_auc.png>]

LaTeX Warning: Citation `Cain2020' on page 26 undefined on input line 124.

<../reports/figures/h1_feature_family_importance.png, id=485, 714.9912pt x 423.0204pt>
File: ../reports/figures/h1_feature_family_importance.png Graphic file (type png)
<use ../reports/figures/h1_feature_family_importance.png>
Package pdftex.def Info: ../reports/figures/h1_feature_family_importance.png  used on input line 126.
(pdftex.def)             Requested size: 398.9296pt x 236.02487pt.

LaTeX Warning: Citation `Cain2020' on page 26 undefined on input line 130.

[26 <../reports/figures/diagnostic_roc_curve.png>]
<../reports/figures/h3_age_adoption_rate.png, id=493, 1004.553pt x 371.9496pt>
File: ../reports/figures/h3_age_adoption_rate.png Graphic file (type png)
<use ../reports/figures/h3_age_adoption_rate.png>
Package pdftex.def Info: ../reports/figures/h3_age_adoption_rate.png  used on input line 132.
(pdftex.def)             Requested size: 398.9296pt x 147.7102pt.


LaTeX Warning: Citation `Hawes2022' on page 27 undefined on input line 136.


LaTeX Warning: Citation `Gunter2022' on page 27 undefined on input line 136.

[27 <../reports/figures/h1_feature_family_importance.png> <../reports/figures/h3_age_adoption_rate.png>]
<../reports/figures/h5_covid_adoption_rate.png, id=503, 497.2176pt x 351.714pt>
File: ../reports/figures/h5_covid_adoption_rate.png Graphic file (type png)
<use ../reports/figures/h5_covid_adoption_rate.png>
Package pdftex.def Info: ../reports/figures/h5_covid_adoption_rate.png  used on input line 138.
(pdftex.def)             Requested size: 398.9296pt x 282.20343pt.


LaTeX Warning: Citation `Gunter2016' on page 28 undefined on input line 140.


LaTeX Warning: Citation `Cain2020' on page 28 undefined on input line 140.


Underfull \hbox (badness 7186) in paragraph at lines 152--152
[]|\T1/ptm/m/n/10.95 Wsparta opi-sowo i
 []


Underfull \hbox (badness 4846) in paragraph at lines 152--153
[]|\T1/ptm/m/n/10.95 Cechy intake-related wy-ka-zujˇ
 []


Underfull \hbox (badness 1960) in paragraph at lines 154--155
[]|\T1/ptm/m/n/10.95 Ró»nice se-zo-nowe ist-niejˇ, ale
 []


Underfull \hbox (badness 6859) in paragraph at lines 154--155
\T1/ptm/m/n/10.95 sta-no-wiˇ czyn-nik dru-go-rz¦dny
 []


Underfull \hbox (badness 7186) in paragraph at lines 156--156
[]|\T1/ptm/m/n/10.95 Wsparta opi-sowo i
 []


Underfull \hbox (badness 10000) in paragraph at lines 158--159
[]|\T1/ptm/m/n/10.95 Ni»sza ob-ser-wo-wana
 []


Underfull \hbox (badness 10000) in paragraph at lines 158--159
\T1/ptm/m/n/10.95 ad-op-cyj-no±˘ w tech-nicz-nej
 []


Underfull \hbox (badness 10000) in paragraph at lines 160--161
\T1/ptm/m/n/10.95 przy jed-no-cze-snym wzro-±cie
 []


Underfull \hbox (badness 3375) in paragraph at lines 160--161
\T1/ptm/m/n/10.95 czasu po-bytu (z 5 do 9 dni
 []

[28 <../reports/figures/h5_covid_adoption_rate.png>]

LaTeX Warning: Citation `Fawcett2006' on page 29 undefined on input line 172.


LaTeX Warning: Citation `Brier1950' on page 29 undefined on input line 172.

<../reports/figures/diagnostic_calibration_curve.png, id=512, 578.16pt x 361.35pt>
File: ../reports/figures/diagnostic_calibration_curve.png Graphic file (type png)
<use ../reports/figures/diagnostic_calibration_curve.png>
Package pdftex.def Info: ../reports/figures/diagnostic_calibration_curve.png  used on input line 174.
(pdftex.def)             Requested size: 398.9296pt x 249.33177pt.
[29]) (./rozdzial6.tex [30 <../reports/figures/diagnostic_calibration_curve.png>]
Rozdzia\l  6.
[31

]
Underfull \hbox (badness 1708) in paragraph at lines 16--17
[]\T1/ptm/m/n/12 Praca na 160 ty-siˇ-cach epi-zo-dów zwie-rzˇt obej-mu-jˇ-cych 10 lat dzia-Şal-no-±ci
 []


Underfull \hbox (badness 1867) in paragraph at lines 16--17
\T1/ptm/m/n/12 przy-pad-kowo uwzgl¦d-niona zo-sta-nie in-for-ma-cja z przy-szŞo-±ci, na przy-kŞad po-wód
 []

Package hyperref Info: bookmark level for unknown lstlisting defaults to 0 on input line 23.
[32]
Underfull \hbox (badness 1681) in paragraph at lines 45--46
\T1/ptm/m/n/12 ka»-dego no-wego zwie-rz¦-cia, czyli tzw. ucze-nie on-line, wiˇ-za-Şoby si¦ z ry-zy-kiem
 []


Underfull \hbox (badness 1478) in paragraph at lines 48--49
[]\T1/ptm/b/n/12 Warstwa eks-pe-ry-men-talna (Ju-py-ter): \T1/ptm/m/n/12 prze-zna-czona dla \T1/ptm/m/it/12 data scien-ti-stów \T1/ptm/m/n/12 do
 []


Underfull \hbox (badness 1953) in paragraph at lines 50--51
[]\T1/ptm/b/n/12 Warstwa kon-sump-cyjna (Da-sh-bo-ard): \T1/ptm/m/n/12 apli-ka-cja de-mon-stra-cyjna, opi-sana w
 []

[33]
Underfull \hbox (badness 10000) in paragraph at lines 62--63
[]\T1/pcr/m/n/12 scripts/ \T1/ptm/m/n/12 -- na-rz¦-dzia wy-ko-naw-cze (CLI), np. skrypt
 []


pdfTeX warning (ext4): destination with the same identifier (name{lstnumber.1}) has been already used, duplicate ignored
<to be read again> 
                   \relax 
l.75 docker-
            compose up pipeline-full
Underfull \hbox (badness 10000) in paragraph at lines 81--82
[]\T1/ptm/m/n/12 Komenda ta za-myka pro-ces ba-daw-czy w de-ter-mi-ni-stycz-nych ra-mach,
 []


Underfull \hbox (badness 6893) in paragraph at lines 81--82
\T1/ptm/m/n/12 uru-cha-mia-jˇc se-kwen-cyj-nie 18 zde-fi-nio-wa-nych kro-ków wi-docz-nych w skryp-cie
 []

[34]
pdfTeX warning (ext4): destination with the same identifier (name{lstnumber.1}) has been already used, duplicate ignored
<to be read again> 
                   \relax 
l.98 ============================= 
                                   test session starts ==============================
pdfTeX warning (ext4): destination with the same identifier (name{lstnumber.2}) has been already used, duplicate ignored
<to be read again> 
                   \relax 
l.99 collected 
               24 items
pdfTeX warning (ext4): destination with the same identifier (name{lstnumber.3}) has been already used, duplicate ignored
<to be read again> 
                   \relax 
l.100 tests/
            test_data_leakage.py::test_future_dates_not_in_features PASSED     [ 15%]
pdfTeX warning (ext4): destination with the same identifier (name{lstnumber.4}) has been already used, duplicate ignored
<to be read again> 
                   \relax 
l.101 tests/
            test_data_leakage.py::test_target_variable_exclusion PASSED        [ 18%]
pdfTeX warning (ext4): destination with the same identifier (name{lstnumber.5}) has been already used, duplicate ignored
<to be read again> 
                   \relax 
l.102 tests/
            test_model_pipeline.py::test_model_artifact_generation PASSED      [ 42%]
pdfTeX warning (ext4): destination with the same identifier (name{lstnumber.6}) has been already used, duplicate ignored
<to be read again> 
                   \relax 
l.103 ...
         
pdfTeX warning (ext4): destination with the same identifier (name{lstnumber.7}) has been already used, duplicate ignored
<to be read again> 
                   \relax 
l.104 ============================== 
                                     24 passed in 12.4s ============================== (/usr/local/texlive/2025/texmf-dist/tex/latex/listings/lstlang1.sty
File: lstlang1.sty 2025/11/14 1.11b listings language file
)
pdfTeX warning (ext4): destination with the same identifier (name{lstnumber.1}) has been already used, duplicate ignored
<to be read again> 
                   \relax 
l.110 RANDOM_STATE 
                   = 42
pdfTeX warning (ext4): destination with the same identifier (name{lstnumber.2}) has been already used, duplicate ignored
<to be read again> 
                   \relax 
l.112 classifier 
                 = HistGradientBoostingClassifier(random_state=RANDOM_STATE)
pdfTeX warning (ext4): destination with the same identifier (name{lstnumber.3}) has been already used, duplicate ignored
<to be read again> 
                   \relax 
l.112 classifier 
                 = HistGradientBoostingClassifier(random_state=RANDOM_STATE)
pdfTeX warning (ext4): destination with the same identifier (name{lstnumber.4}) has been already used, duplicate ignored
<to be read again> 
                   \relax 
l.113 regressor 
                = CatBoostRegressor(random_seed=RANDOM_STATE, verbose=False)) (./rozdzial7.tex [35{/usr/local/texlive/2025/texmf-dist/fonts/enc/dvips/mnsymbol/MnSymbolA.enc}] [36]
Rozdzia\l  7.

Underfull \hbox (badness 2012) in paragraph at lines 24--25
[]\T1/ptm/m/n/12 Zbudowanie sku-tecz-nego al-go-rytmu ana-li-tycz-nego dzia-Şa-jˇ-cego w ±ro-do-wi-sku
 []

[37

]
pdfTeX warning (ext4): destination with the same identifier (name{lstnumber.1}) has been already used, duplicate ignored
<to be read again> 
                   \relax 
l.38 import 
            streamlit as st
pdfTeX warning (ext4): destination with the same identifier (name{lstnumber.2}) has been already used, duplicate ignored
<to be read again> 
                   \relax 
l.39 import 
            joblib
pdfTeX warning (ext4): destination with the same identifier (name{lstnumber.3}) has been already used, duplicate ignored
<to be read again> 
                   \relax 
l.41 @st.
         cache_resource
pdfTeX warning (ext4): destination with the same identifier (name{lstnumber.4}) has been already used, duplicate ignored
<to be read again> 
                   \relax 
l.41 @st.
         cache_resource
pdfTeX warning (ext4): destination with the same identifier (name{lstnumber.5}) has been already used, duplicate ignored
<to be read again> 
                   \relax 
l.42 def 
         load_model():
pdfTeX warning (ext4): destination with the same identifier (name{lstnumber.6}) has been already used, duplicate ignored
<to be read again> 
                   \relax 
l.43     #
           Model laduje sie tylko raz po starcie kontenera "dashboard"
LaTeX Font Info:    Font shape `T1/pcr/m/it' in size <10> not available
(Font)              Font shape `T1/pcr/m/sl' tried instead on input line 43.

pdfTeX warning (ext4): destination with the same identifier (name{lstnumber.7}) has been already used, duplicate ignored
<to be read again> 
                   \relax 
l.44     return 
                joblib.load('models/adoption_model.joblib')
pdfTeX warning (ext4): destination with the same identifier (name{lstnumber.8}) has been already used, duplicate ignored
<to be read again> 
                   \relax 
l.46 model 
           = load_model()
pdfTeX warning (ext4): destination with the same identifier (name{lstnumber.9}) has been already used, duplicate ignored
<to be read again> 
                   \relax 
l.46 model 
           = load_model() [38]
Underfull \hbox (badness 1490) in paragraph at lines 79--80
[]\T1/ptm/b/n/12 Uwaga. \T1/ptm/m/n/12 Ze wzgl¦du na dy-na-miczny cha-rak-ter apli-ka-cji Stre-am-lit zrzut
 []

<../reports/figures/shap_summary_classification.png, id=593, 650.43pt x 361.35pt>
File: ../reports/figures/shap_summary_classification.png Graphic file (type png)
<use ../reports/figures/shap_summary_classification.png>
Package pdftex.def Info: ../reports/figures/shap_summary_classification.png  used on input line 89.
(pdftex.def)             Requested size: 398.9296pt x 221.63069pt.
[39] [40 <../reports/figures/shap_summary_classification.png>]) (./rozdzial8.tex [41]
Rozdzia\l  8.

Underfull \hbox (badness 2990) in paragraph at lines 44--44
[]|\T1/ptm/b/n/8 H1: \T1/ptm/m/n/8 Oko-licz-no-±ci przy-j¦-cia majˇ
 []


Underfull \hbox (badness 1762) in paragraph at lines 46--46
[]|\T1/ptm/m/n/8 Mimo wy-st¦-po-wa-nia ró»-nic opi-so-wych mi¦-dzy mie-siˇ-cami i
 []


Underfull \hbox (badness 5519) in paragraph at lines 52--52
[]|\T1/ptm/b/n/8 H5: \T1/ptm/m/n/8 Okres pan-de-mii COVID-19
 []


Underfull \hbox (badness 1515) in paragraph at lines 52--52
[]|\T1/ptm/m/n/8 Potwierdzono struk-tu-ralnˇ zmian¦. Pan-de-mia zwi¦k-szyŞa sam
 []

[42

] [43]
<../reports/figures/vulnerable_profiles.png, id=627, 722.7pt x 433.62pt>
File: ../reports/figures/vulnerable_profiles.png Graphic file (type png)
<use ../reports/figures/vulnerable_profiles.png>
Package pdftex.def Info: ../reports/figures/vulnerable_profiles.png  used on input line 79.
(pdftex.def)             Requested size: 398.9296pt x 239.35849pt.
 [44]
Underfull \hbox (badness 1708) in paragraph at lines 90--91
[]\T1/ptm/m/n/12 Z per-spek-tywy prak-tycz-nej naj-wa»-niej-szym wnio-skiem jest mo»-li-wo±˘ wcze-
 []

[45 <../reports/figures/vulnerable_profiles.png>]) (./glowny.bbl [46] [47

]) [48] (./glowny.lof
Underfull \hbox (badness 1776) in paragraph at lines 8--8
 [][] [][]\T1/ptm/m/n/12 Ry-su-nek []Zbiorcze po-rów-na-nie zdol-no-±ci dys-kry-mi-na-cyj-nej ba-da-nych 
 []

)
\tf@lof=\write6
\openout6 = `glowny.lof'.

 [49

] (./glowny.aux)
 ***********
LaTeX2e <2025-11-01>
L3 programming layer <2025-11-06>
 ***********


LaTeX Warning: There were undefined references.

Package rerunfilecheck Info: File `glowny.out' has not changed.
(rerunfilecheck)             Checksum: C8500CA603BC33021E95D8BB9EB0EFF8;13151.
 ) 
Here is how much of TeX's memory you used:
 29685 strings out of 467538
 526898 string characters out of 5419552
 1103774 words of memory out of 8000000
 57863 multiletter control sequences out of 15000+600000
 714586 words of font info for 164 fonts, out of 8000000 for 9000
 1141 hyphenation exceptions out of 8191
 84i,15n,94p,1828b,1300s stack positions out of 10000i,1000n,20000p,200000b,200000s
</usr/local/texlive/2025/texmf-dist/fonts/type1/public/mnsymbol/MnSymbol10.pfb></usr/local/texlive/2025/texmf-dist/fonts/type1/public/mnsymbol/MnSymbol12.pfb></usr/local/texlive/2025/texmf-dist/fonts/type1/public/mnsymbol/MnSymbol8.pfb></usr/local/texlive/2025/texmf-dist/fonts/type1/public/amsfonts/cm/cmmi10.pfb></usr/local/texlive/2025/texmf-dist/fonts/type1/public/amsfonts/cm/cmmi12.pfb></usr/local/texlive/2025/texmf-dist/fonts/type1/public/amsfonts/cm/cmmi8.pfb></usr/local/texlive/2025/texmf-dist/fonts/type1/public/amsfonts/cm/cmr12.pfb></usr/local/texlive/2025/texmf-dist/fonts/type1/public/amsfonts/cm/cmr8.pfb></usr/local/texlive/2025/texmf-dist/fonts/type1/urw/courier/ucrb8a.pfb></usr/local/texlive/2025/texmf-dist/fonts/type1/urw/courier/ucrr8a.pfb></usr/local/texlive/2025/texmf-dist/fonts/type1/urw/courier/ucrro8a.pfb></usr/local/texlive/2025/texmf-dist/fonts/type1/urw/times/utmb8a.pfb></usr/local/texlive/2025/texmf-dist/fonts/type1/urw/times/utmbi8a.pfb></usr/local/texlive/202
5/texmf-dist/fonts/type1/urw/times/utmr8a.pfb></usr/local/texlive/2025/texmf-dist/fonts/type1/urw/times/utmri8a.pfb>
Output written on glowny.pdf (53 pages, 923639 bytes).
PDF statistics:
 809 PDF objects out of 1000 (max. 8388607)
 698 compressed objects within 7 object streams
 188 named destinations out of 1000 (max. 500000)
 498 words of extra memory for PDF output out of 10000 (max. 10000000)

